TN:
SF:src\books\books.controller.ts
FN:14,(anonymous_4)
FN:16,(anonymous_5)
FN:58,(anonymous_6)
FN:109,(anonymous_7)
FN:138,(anonymous_8)
FN:156,(anonymous_9)
FN:190,(anonymous_10)
FN:241,(anonymous_11)
FN:265,(anonymous_12)
FN:294,(anonymous_13)
FN:36,(anonymous_14)
FN:42,(anonymous_15)
FN:168,(anonymous_16)
FN:174,(anonymous_17)
FNF:14
FNH:10
FNDA:42,(anonymous_4)
FNDA:24,(anonymous_5)
FNDA:16,(anonymous_6)
FNDA:8,(anonymous_7)
FNDA:40,(anonymous_8)
FNDA:3,(anonymous_9)
FNDA:4,(anonymous_10)
FNDA:5,(anonymous_11)
FNDA:25,(anonymous_12)
FNDA:2,(anonymous_13)
FNDA:0,(anonymous_14)
FNDA:0,(anonymous_15)
FNDA:0,(anonymous_16)
FNDA:0,(anonymous_17)
DA:1,1
DA:2,1
DA:3,1
DA:5,1
DA:6,1
DA:7,1
DA:8,1
DA:9,1
DA:13,1
DA:14,42
DA:17,24
DA:18,23
DA:19,23
DA:21,23
DA:37,0
DA:38,0
DA:39,0
DA:44,0
DA:45,0
DA:48,0
DA:49,0
DA:51,0
DA:58,1
DA:78,16
DA:79,2
DA:83,14
DA:84,14
DA:85,2
DA:89,12
DA:90,12
DA:91,2
DA:94,10
DA:103,10
DA:109,1
DA:120,8
DA:121,8
DA:129,8
DA:138,8
DA:139,40
DA:140,26
DA:144,8
DA:146,7
DA:156,1
DA:157,3
DA:169,0
DA:170,0
DA:171,0
DA:176,0
DA:177,0
DA:180,0
DA:181,0
DA:183,0
DA:190,1
DA:197,4
DA:202,4
DA:203,1
DA:204,1
DA:205,0
DA:207,1
DA:211,4
DA:212,0
DA:213,0
DA:214,0
DA:216,0
DA:220,4
DA:221,0
DA:225,4
DA:226,1
DA:227,3
DA:229,0
DA:233,4
DA:241,1
DA:256,5
DA:265,5
DA:266,25
DA:267,15
DA:271,5
DA:272,5
DA:275,3
DA:276,3
DA:277,3
DA:278,3
DA:281,3
DA:282,3
DA:284,2
DA:285,2
DA:294,1
DA:295,2
DA:296,2
DA:297,1
DA:300,1
DA:302,1
DA:303,1
DA:305,0
LF:94
LH:70
BRDA:17,0,0,24
BRDA:17,0,1,4
BRDA:17,1,0,4
BRDA:17,1,1,19
BRDA:17,2,0,24
BRDA:17,2,1,23
BRDA:18,3,0,23
BRDA:18,3,1,5
BRDA:18,3,2,5
BRDA:18,3,3,4
BRDA:18,4,0,4
BRDA:18,4,1,1
BRDA:18,5,0,5
BRDA:18,5,1,5
BRDA:19,6,0,23
BRDA:19,6,1,3
BRDA:78,7,0,2
BRDA:78,8,0,0
BRDA:78,8,1,16
BRDA:78,9,0,16
BRDA:78,9,1,16
BRDA:83,10,0,14
BRDA:83,10,1,0
BRDA:83,11,0,0
BRDA:83,11,1,14
BRDA:83,12,0,14
BRDA:83,12,1,14
BRDA:84,13,0,2
BRDA:84,14,0,14
BRDA:84,14,1,13
BRDA:89,15,0,12
BRDA:89,15,1,0
BRDA:89,16,0,0
BRDA:89,16,1,12
BRDA:89,17,0,12
BRDA:89,17,1,12
BRDA:90,18,0,2
BRDA:90,19,0,12
BRDA:90,19,1,11
BRDA:99,20,0,1
BRDA:99,20,1,9
BRDA:100,21,0,0
BRDA:100,21,1,9
BRDA:100,22,0,9
BRDA:100,22,1,0
BRDA:100,23,0,9
BRDA:100,23,1,9
BRDA:110,24,0,2
BRDA:111,25,0,4
BRDA:112,26,0,5
BRDA:113,27,0,5
BRDA:139,28,0,26
BRDA:202,29,0,1
BRDA:203,30,0,1
BRDA:203,30,1,0
BRDA:203,31,0,0
BRDA:203,31,1,1
BRDA:203,32,0,1
BRDA:203,32,1,1
BRDA:204,33,0,0
BRDA:204,34,0,1
BRDA:204,34,1,1
BRDA:211,35,0,0
BRDA:212,36,0,0
BRDA:212,36,1,0
BRDA:212,37,0,0
BRDA:212,37,1,0
BRDA:212,38,0,0
BRDA:212,38,1,0
BRDA:213,39,0,0
BRDA:213,40,0,0
BRDA:213,40,1,0
BRDA:220,41,0,0
BRDA:220,42,0,4
BRDA:220,42,1,4
BRDA:220,43,0,0
BRDA:220,43,1,4
BRDA:220,44,0,4
BRDA:220,44,1,4
BRDA:225,45,0,1
BRDA:225,45,1,3
BRDA:227,46,0,0
BRDA:229,47,0,0
BRDA:229,47,1,0
BRDA:229,48,0,0
BRDA:229,48,1,0
BRDA:229,49,0,0
BRDA:229,49,1,0
BRDA:266,50,0,15
BRDA:296,51,0,1
BRDA:302,52,0,1
BRDA:302,52,1,0
BRDA:44,53,0,0
BRDA:48,54,0,0
BRDA:176,55,0,0
BRDA:180,56,0,0
BRF:96
BRH:62
end_of_record
TN:
SF:src\books\books.module.ts
FNF:0
FNH:0
DA:1,0
DA:2,0
DA:4,0
DA:5,0
DA:6,0
DA:7,0
DA:8,0
DA:9,0
DA:10,0
DA:11,0
DA:23,0
LF:11
LH:0
BRF:0
BRH:0
end_of_record
TN:
SF:src\books\books.service.ts
FN:13,(anonymous_4)
FN:20,(anonymous_5)
FN:37,(anonymous_6)
FN:58,(anonymous_7)
FN:123,(anonymous_8)
FN:133,(anonymous_9)
FN:138,(anonymous_10)
FN:178,(anonymous_11)
FN:182,(anonymous_12)
FN:210,(anonymous_13)
FN:271,(anonymous_14)
FN:287,(anonymous_15)
FN:294,(anonymous_16)
FN:309,(anonymous_17)
FNF:14
FNH:14
FNDA:12,(anonymous_4)
FNDA:2,(anonymous_5)
FNDA:2,(anonymous_6)
FNDA:3,(anonymous_7)
FNDA:2,(anonymous_8)
FNDA:2,(anonymous_9)
FNDA:2,(anonymous_10)
FNDA:2,(anonymous_11)
FNDA:2,(anonymous_12)
FNDA:1,(anonymous_13)
FNDA:15,(anonymous_14)
FNDA:3,(anonymous_15)
FNDA:1,(anonymous_16)
FNDA:1,(anonymous_17)
DA:1,2
DA:2,2
DA:3,2
DA:4,2
DA:5,2
DA:6,2
DA:7,2
DA:8,2
DA:9,2
DA:12,2
DA:15,12
DA:16,12
DA:17,12
DA:37,2
DA:39,2
DA:42,1
DA:43,1
DA:54,1
DA:71,3
DA:72,3
DA:75,3
DA:76,1
DA:78,3
DA:79,1
DA:81,3
DA:82,0
DA:84,3
DA:85,0
DA:87,3
DA:88,1
DA:91,1
DA:95,3
DA:106,3
DA:108,3
DA:120,3
DA:124,2
DA:138,2
DA:140,2
DA:142,2
DA:147,2
DA:148,1
DA:151,1
DA:161,1
DA:162,1
DA:174,1
DA:182,2
DA:184,2
DA:186,2
DA:191,2
DA:194,2
DA:195,1
DA:206,2
DA:220,1
DA:223,1
DA:224,0
DA:226,1
DA:227,0
DA:229,1
DA:230,0
DA:232,1
DA:233,0
DA:235,1
DA:236,0
DA:237,0
DA:241,1
DA:252,1
DA:271,1
DA:272,15
DA:273,0
DA:276,15
DA:279,15
DA:280,0
DA:283,15
DA:287,1
DA:288,3
DA:289,3
DA:290,3
DA:294,1
DA:295,1
DA:296,0
DA:299,1
DA:301,1
DA:302,0
DA:305,1
DA:309,1
DA:328,1
DA:331,1
DA:332,1
DA:341,1
LF:89
LH:77
BRDA:42,0,0,1
BRDA:59,1,0,0
BRDA:60,2,0,0
BRDA:68,3,0,2
BRDA:69,4,0,2
BRDA:75,5,0,1
BRDA:75,6,0,1
BRDA:75,6,1,2
BRDA:75,7,0,3
BRDA:75,7,1,3
BRDA:78,8,0,1
BRDA:78,9,0,1
BRDA:78,9,1,2
BRDA:78,10,0,3
BRDA:78,10,1,3
BRDA:81,11,0,0
BRDA:81,12,0,1
BRDA:81,12,1,2
BRDA:81,13,0,3
BRDA:81,13,1,3
BRDA:84,14,0,0
BRDA:84,15,0,1
BRDA:84,15,1,2
BRDA:84,16,0,3
BRDA:84,16,1,3
BRDA:87,17,0,1
BRDA:87,18,0,1
BRDA:87,18,1,2
BRDA:87,19,0,3
BRDA:87,19,1,3
BRDA:88,20,0,1
BRDA:88,20,1,0
BRDA:106,21,0,3
BRDA:106,21,1,0
BRDA:140,22,0,2
BRDA:140,22,1,0
BRDA:147,23,0,1
BRDA:161,24,0,1
BRDA:161,25,0,1
BRDA:161,25,1,1
BRDA:161,25,2,1
BRDA:184,26,0,2
BRDA:184,26,1,0
BRDA:194,27,0,1
BRDA:194,28,0,2
BRDA:194,28,1,2
BRDA:194,28,2,1
BRDA:223,29,0,0
BRDA:223,30,0,0
BRDA:223,30,1,1
BRDA:223,31,0,1
BRDA:223,31,1,1
BRDA:226,32,0,0
BRDA:226,33,0,0
BRDA:226,33,1,1
BRDA:226,34,0,1
BRDA:226,34,1,1
BRDA:229,35,0,0
BRDA:229,36,0,0
BRDA:229,36,1,1
BRDA:229,37,0,1
BRDA:229,37,1,1
BRDA:232,38,0,0
BRDA:232,39,0,0
BRDA:232,39,1,1
BRDA:232,40,0,1
BRDA:232,40,1,1
BRDA:235,41,0,0
BRDA:235,42,0,0
BRDA:235,42,1,1
BRDA:235,43,0,1
BRDA:235,43,1,1
BRDA:272,44,0,0
BRDA:272,45,0,15
BRDA:272,45,1,15
BRDA:279,46,0,0
BRDA:279,47,0,15
BRDA:279,47,1,15
BRDA:279,47,2,15
BRDA:288,48,0,0
BRDA:295,49,0,0
BRDA:295,50,0,1
BRDA:295,50,1,1
BRDA:295,50,2,1
BRDA:299,51,0,0
BRDA:299,51,1,1
BRDA:301,52,0,0
BRDA:312,53,0,1
BRDA:312,53,1,0
BRDA:313,54,0,1
BRDA:313,54,1,0
BRDA:313,55,0,0
BRDA:313,55,1,1
BRDA:313,56,0,1
BRDA:313,56,1,1
BRDA:314,57,0,1
BRDA:314,57,1,0
BRDA:314,58,0,0
BRDA:314,58,1,1
BRDA:314,59,0,1
BRDA:314,59,1,1
BRDA:315,60,0,1
BRDA:315,60,1,0
BRDA:315,61,0,0
BRDA:315,61,1,1
BRDA:315,62,0,1
BRDA:315,62,1,1
BRDA:317,63,0,1
BRDA:317,63,1,0
BRDA:318,64,0,1
BRDA:318,64,1,0
BRDA:319,65,0,1
BRDA:319,65,1,0
BRDA:320,66,0,1
BRDA:320,66,1,0
BRDA:321,67,0,1
BRDA:321,67,1,0
BRDA:322,68,0,1
BRDA:322,68,1,0
BRDA:331,69,0,1
BRDA:337,70,0,1
BRDA:337,70,1,0
BRF:122
BRH:84
end_of_record
TN:
SF:src\books\entities\book.entity.ts
FN:195,(anonymous_2)
FN:131,(anonymous_3)
FN:139,(anonymous_4)
FN:147,(anonymous_5)
FN:185,(anonymous_6)
FN:188,(anonymous_7)
FN:191,(anonymous_8)
FNF:7
FNH:0
FNDA:0,(anonymous_2)
FNDA:0,(anonymous_3)
FNDA:0,(anonymous_4)
FNDA:0,(anonymous_5)
FNDA:0,(anonymous_6)
FNDA:0,(anonymous_7)
FNDA:0,(anonymous_8)
DA:1,2
DA:2,2
DA:3,2
DA:4,2
DA:5,2
DA:12,2
DA:22,2
DA:32,2
DA:44,2
DA:57,2
DA:71,2
DA:82,2
DA:94,2
DA:105,2
DA:116,2
DA:128,2
DA:131,0
DA:137,2
DA:139,0
DA:145,2
DA:147,0
DA:153,2
DA:164,2
DA:175,2
DA:182,2
DA:185,0
DA:186,2
DA:188,0
DA:189,2
DA:191,0
DA:192,2
DA:196,0
DA:197,0
DA:198,0
DA:199,0
LF:35
LH:25
BRDA:196,0,0,0
BRDA:197,1,0,0
BRDA:198,2,0,0
BRF:3
BRH:0
end_of_record
